<?xml version="1.0" encoding="UTF-8"?>
<testng-results total="1" passed="1" failed="0" skipped="0">
  <reporter-output>
  </reporter-output>
  <suite started-at="2020-01-15T21:07:00Z" name="Default suite" finished-at="2020-01-15T21:08:04Z" duration-ms="64609">
    <groups>
    </groups>
    <test started-at="2020-01-15T21:07:00Z" name="Default test" finished-at="2020-01-15T21:08:04Z" duration-ms="64609">
      <class name="Selenium.Figosoft.TripAdvisor.ExecutionEngine">
        <test-method is-config="true" signature="start()[pri:0, instance:Selenium.Figosoft.TripAdvisor.ExecutionEngine@5906ebcb]" started-at="2020-01-16T02:37:00Z" name="start" finished-at="2020-01-16T02:37:00Z" duration-ms="276" status="PASS">
          <reporter-output>
          </reporter-output>
        </test-method> <!-- start -->
        <test-method is-config="true" signature="beforeMethod(java.lang.reflect.Method)[pri:0, instance:Selenium.Figosoft.TripAdvisor.ExecutionEngine@5906ebcb]" started-at="2020-01-16T02:37:00Z" name="beforeMethod" finished-at="2020-01-16T02:37:24Z" duration-ms="24229" status="PASS">
          <params>
            <param index="0">
              <value>
                <![CDATA[public void Selenium.Figosoft.TripAdvisor.ExecutionEngine.reviewTest() throws java.io.IOException,java.lang.InterruptedException,java.awt.AWTException]]>
              </value>
            </param>
          </params>
          <reporter-output>
          </reporter-output>
        </test-method> <!-- beforeMethod -->
        <test-method signature="reviewTest()[pri:0, instance:Selenium.Figosoft.TripAdvisor.ExecutionEngine@5906ebcb]" started-at="2020-01-16T02:37:24Z" name="reviewTest" finished-at="2020-01-16T02:38:04Z" duration-ms="40363" status="PASS">
          <reporter-output>
          </reporter-output>
        </test-method> <!-- reviewTest -->
        <test-method is-config="true" signature="endResult()[pri:0, instance:Selenium.Figosoft.TripAdvisor.ExecutionEngine@5906ebcb]" started-at="2020-01-16T02:38:05Z" name="endResult" finished-at="2020-01-16T02:38:05Z" duration-ms="679" status="PASS">
          <reporter-output>
          </reporter-output>
        </test-method> <!-- endResult -->
      </class> <!-- Selenium.Figosoft.TripAdvisor.ExecutionEngine -->
    </test> <!-- Default test -->
  </suite> <!-- Default suite -->
</testng-results>
